<?xml version="1.0" encoding="UTF-8"?>
<testsuite xmlns:xsi="http://www.w3.org/2001/XMLSchema-instance" xsi:schemaLocation="https://maven.apache.org/surefire/maven-surefire-plugin/xsd/surefire-test-report.xsd" name="task3.SliderPopup_Test" time="61.305" tests="1" errors="0" skipped="0" failures="0">
  <properties>
    <property name="thread.count" value="1"/>
    <property name="idea.version" value="2017.3.4"/>
    <property name="java.runtime.name" value="Java(TM) SE Runtime Environment"/>
    <property name="sun.boot.library.path" value="D:\Programs\jdk1.8.0_101\jre\bin"/>
    <property name="java.vm.version" value="25.101-b13"/>
    <property name="java.vm.vendor" value="Oracle Corporation"/>
    <property name="maven.multiModuleProjectDirectory" value="D:\Рабочий стол\Учеба\МФТИ (магистратура)\Технотрек\UI автоматизация веб-приложений\Проекты\HW#5\3"/>
    <property name="java.vendor.url" value="http://java.oracle.com/"/>
    <property name="path.separator" value=";"/>
    <property name="guice.disable.misplaced.annotation.check" value="true"/>
    <property name="java.vm.name" value="Java HotSpot(TM) 64-Bit Server VM"/>
    <property name="file.encoding.pkg" value="sun.io"/>
    <property name="user.script" value=""/>
    <property name="user.country" value="RU"/>
    <property name="sun.java.launcher" value="SUN_STANDARD"/>
    <property name="sun.os.patch.level" value=""/>
    <property name="test" value="SliderPopup_Test"/>
    <property name="java.vm.specification.name" value="Java Virtual Machine Specification"/>
    <property name="user.dir" value="D:\Рабочий стол\Учеба\МФТИ (магистратура)\Технотрек\UI автоматизация веб-приложений\Проекты\HW#5\3"/>
    <property name="forkCount" value="0"/>
    <property name="webdriver.driver" value="chrome"/>
    <property name="java.runtime.version" value="1.8.0_101-b13"/>
    <property name="java.awt.graphicsenv" value="sun.awt.Win32GraphicsEnvironment"/>
    <property name="basedir" value="D:\Рабочий стол\Учеба\МФТИ (магистратура)\Технотрек\UI автоматизация веб-приложений\Проекты\HW#5\3"/>
    <property name="java.endorsed.dirs" value="D:\Programs\jdk1.8.0_101\jre\lib\endorsed"/>
    <property name="os.arch" value="amd64"/>
    <property name="java.io.tmpdir" value="C:\Users\3C8A~1\AppData\Local\Temp\"/>
    <property name="line.separator" value="&#10;"/>
    <property name="java.vm.specification.vendor" value="Oracle Corporation"/>
    <property name="user.variant" value=""/>
    <property name="os.name" value="Windows 8.1"/>
    <property name="classworlds.conf" value="D:\Programs\IntelliJ IDEA Community Edition 2017.3.4\plugins\maven\lib\maven3\bin\m2.conf"/>
    <property name="allure.results.directory" value="D:\Рабочий стол\Учеба\МФТИ (магистратура)\Технотрек\UI автоматизация веб-приложений\Проекты\HW#5\3\target/allure-results"/>
    <property name="webdriver.base.url" value="https://kino.mail.ru/news/49960_bezrukova_kozhevnikova_mihalkovi_i_tabakov_otkritie_mmkf_2018/"/>
    <property name="sun.jnu.encoding" value="Cp1251"/>
    <property name="java.library.path" value="D:\Programs\jdk1.8.0_101\bin;C:\WINDOWS\Sun\Java\bin;C:\WINDOWS\system32;C:\WINDOWS;D:\Programs\Anaconda3;D:\Programs\Anaconda3\Library\mingw-w64\bin;D:\Programs\Anaconda3\Library\usr\bin;D:\Programs\allure-2.6.0\bin;D:\Programs\Anaconda3\Library\bin;D:\Programs\Anaconda3\Scripts;C:\ProgramData\Oracle\Java\javapath;D:\Programs\Tiled2Unity;D:\Programs\MATLAB701\bin\win32;C:\Program Files (x86)\NVIDIA Corporation\PhysX\Common;C:\WINDOWS\system32\Npcap;D:\Programs\nodejs\;D:\wamp64\bin\php\php7.0.10;D:\Programs\doxygen\bin;D:\Programs\graphviz-2.38\release\bin;C:\Users\Иван\AppData\Local\GitHubDesktop;C:\Program Files\dotnet\;C:\Program Files\Microsoft SQL Server\130\Tools\Binn\;D:\Programs\Git\cmd;C:\Users\Иван\AppData\Roaming\npm;D:\wamp64\bin\php\php7.0.10;C:\Users\Иван\AppData\Local\GitHubDesktop\bin;D:\Programs\Boot2Docker for Windows;."/>
    <property name="webdriver.popup.url" value="https://kino.mail.ru/shot/716779/"/>
    <property name="surefire.test.class.path" value="D:\Рабочий стол\Учеба\МФТИ (магистратура)\Технотрек\UI автоматизация веб-приложений\Проекты\HW#5\3\target\test-classes;D:\Рабочий стол\Учеба\МФТИ (магистратура)\Технотрек\UI автоматизация веб-приложений\Проекты\HW#5\3\target\classes;C:\Users\Иван\.m2\repository\junit\junit\4.12\junit-4.12.jar;C:\Users\Иван\.m2\repository\org\hamcrest\hamcrest-core\1.3\hamcrest-core-1.3.jar;C:\Users\Иван\.m2\repository\org\seleniumhq\selenium\selenium-java\3.11.0\selenium-java-3.11.0.jar;C:\Users\Иван\.m2\repository\org\seleniumhq\selenium\selenium-api\3.11.0\selenium-api-3.11.0.jar;C:\Users\Иван\.m2\repository\org\seleniumhq\selenium\selenium-chrome-driver\3.11.0\selenium-chrome-driver-3.11.0.jar;C:\Users\Иван\.m2\repository\org\seleniumhq\selenium\selenium-edge-driver\3.11.0\selenium-edge-driver-3.11.0.jar;C:\Users\Иван\.m2\repository\org\seleniumhq\selenium\selenium-firefox-driver\3.11.0\selenium-firefox-driver-3.11.0.jar;C:\Users\Иван\.m2\repository\org\seleniumhq\selenium\selenium-ie-driver\3.11.0\selenium-ie-driver-3.11.0.jar;C:\Users\Иван\.m2\repository\org\seleniumhq\selenium\selenium-opera-driver\3.11.0\selenium-opera-driver-3.11.0.jar;C:\Users\Иван\.m2\repository\org\seleniumhq\selenium\selenium-remote-driver\3.11.0\selenium-remote-driver-3.11.0.jar;C:\Users\Иван\.m2\repository\org\seleniumhq\selenium\selenium-safari-driver\3.11.0\selenium-safari-driver-3.11.0.jar;C:\Users\Иван\.m2\repository\org\seleniumhq\selenium\selenium-support\3.11.0\selenium-support-3.11.0.jar;C:\Users\Иван\.m2\repository\net\bytebuddy\byte-buddy\1.7.9\byte-buddy-1.7.9.jar;C:\Users\Иван\.m2\repository\org\apache\commons\commons-exec\1.3\commons-exec-1.3.jar;C:\Users\Иван\.m2\repository\commons-codec\commons-codec\1.10\commons-codec-1.10.jar;C:\Users\Иван\.m2\repository\commons-logging\commons-logging\1.2\commons-logging-1.2.jar;C:\Users\Иван\.m2\repository\com\google\code\gson\gson\2.8.2\gson-2.8.2.jar;C:\Users\Иван\.m2\repository\com\google\guava\guava\23.6-jre\guava-23.6-jre.jar;C:\Users\Иван\.m2\repository\com\google\code\findbugs\jsr305\1.3.9\jsr305-1.3.9.jar;C:\Users\Иван\.m2\repository\org\checkerframework\checker-compat-qual\2.0.0\checker-compat-qual-2.0.0.jar;C:\Users\Иван\.m2\repository\com\google\errorprone\error_prone_annotations\2.1.3\error_prone_annotations-2.1.3.jar;C:\Users\Иван\.m2\repository\com\google\j2objc\j2objc-annotations\1.1\j2objc-annotations-1.1.jar;C:\Users\Иван\.m2\repository\org\codehaus\mojo\animal-sniffer-annotations\1.14\animal-sniffer-annotations-1.14.jar;C:\Users\Иван\.m2\repository\org\apache\httpcomponents\httpclient\4.5.3\httpclient-4.5.3.jar;C:\Users\Иван\.m2\repository\org\apache\httpcomponents\httpcore\4.4.6\httpcore-4.4.6.jar;C:\Users\Иван\.m2\repository\com\squareup\okhttp3\okhttp\3.9.1\okhttp-3.9.1.jar;C:\Users\Иван\.m2\repository\com\squareup\okio\okio\1.13.0\okio-1.13.0.jar;C:\Users\Иван\.m2\repository\io\qameta\allure\allure-junit4\2.6.0\allure-junit4-2.6.0.jar;C:\Users\Иван\.m2\repository\io\qameta\allure\allure-java-commons\2.6.0\allure-java-commons-2.6.0.jar;C:\Users\Иван\.m2\repository\io\qameta\allure\allure2-model-api\1.0-BETA6\allure2-model-api-1.0-BETA6.jar;C:\Users\Иван\.m2\repository\io\qameta\allure\allure2-model-pojo\1.0-BETA6\allure2-model-pojo-1.0-BETA6.jar;C:\Users\Иван\.m2\repository\org\apache\tika\tika-core\1.14\tika-core-1.14.jar;C:\Users\Иван\.m2\repository\io\qameta\allure\allure2-model-jackson\1.0-BETA6\allure2-model-jackson-1.0-BETA6.jar;C:\Users\Иван\.m2\repository\com\fasterxml\jackson\core\jackson-databind\2.7.0\jackson-databind-2.7.0.jar;C:\Users\Иван\.m2\repository\com\fasterxml\jackson\core\jackson-annotations\2.7.0\jackson-annotations-2.7.0.jar;C:\Users\Иван\.m2\repository\com\fasterxml\jackson\core\jackson-core\2.7.0\jackson-core-2.7.0.jar;C:\Users\Иван\.m2\repository\com\fasterxml\jackson\module\jackson-module-jaxb-annotations\2.7.0\jackson-module-jaxb-annotations-2.7.0.jar;C:\Users\Иван\.m2\repository\org\apache\commons\commons-lang3\3.5\commons-lang3-3.5.jar;C:\Users\Иван\.m2\repository\org\aspectj\aspectjrt\1.8.10\aspectjrt-1.8.10.jar;C:\Users\Иван\.m2\repository\org\jooq\joor\0.9.6\joor-0.9.6.jar;C:\Users\Иван\.m2\repository\org\slf4j\slf4j-api\1.7.21\slf4j-api-1.7.21.jar;"/>
    <property name="java.class.version" value="52.0"/>
    <property name="java.specification.name" value="Java Platform API Specification"/>
    <property name="sun.management.compiler" value="HotSpot 64-Bit Tiered Compilers"/>
    <property name="os.version" value="6.3"/>
    <property name="user.home" value="C:\Users\Иван"/>
    <property name="user.timezone" value="Europe/Minsk"/>
    <property name="java.awt.printerjob" value="sun.awt.windows.WPrinterJob"/>
    <property name="java.specification.version" value="1.8"/>
    <property name="file.encoding" value="UTF-8"/>
    <property name="user.name" value="Иван"/>
    <property name="java.class.path" value="D:\Programs\IntelliJ IDEA Community Edition 2017.3.4\plugins\maven\lib\maven3\boot\plexus-classworlds-2.5.2.jar;D:\Programs\IntelliJ IDEA Community Edition 2017.3.4\lib\idea_rt.jar"/>
    <property name="java.vm.specification.version" value="1.8"/>
    <property name="sun.arch.data.model" value="64"/>
    <property name="java.home" value="D:\Programs\jdk1.8.0_101\jre"/>
    <property name="sun.java.command" value="org.codehaus.classworlds.Launcher -Didea.version=2017.3.4 -Dtest=SliderPopup_Test -Dthread.count=1 -DforkCount=0 -Dwebdriver.driver=chrome -Dwebdriver.chrome.driver=D:\ChromeDriver\chromedriver.exe test"/>
    <property name="java.specification.vendor" value="Oracle Corporation"/>
    <property name="user.language" value="ru"/>
    <property name="awt.toolkit" value="sun.awt.windows.WToolkit"/>
    <property name="java.vm.info" value="mixed mode"/>
    <property name="java.version" value="1.8.0_101"/>
    <property name="java.ext.dirs" value="D:\Programs\jdk1.8.0_101\jre\lib\ext;C:\WINDOWS\Sun\Java\lib\ext"/>
    <property name="webdriver.timeouts.implicitlywait" value="10000"/>
    <property name="sun.boot.class.path" value="D:\Programs\jdk1.8.0_101\jre\lib\resources.jar;D:\Programs\jdk1.8.0_101\jre\lib\rt.jar;D:\Programs\jdk1.8.0_101\jre\lib\sunrsasign.jar;D:\Programs\jdk1.8.0_101\jre\lib\jsse.jar;D:\Programs\jdk1.8.0_101\jre\lib\jce.jar;D:\Programs\jdk1.8.0_101\jre\lib\charsets.jar;D:\Programs\jdk1.8.0_101\jre\lib\jfr.jar;D:\Programs\jdk1.8.0_101\jre\classes"/>
    <property name="webdriver.chrome.driver" value="D:\ChromeDriver\chromedriver.exe"/>
    <property name="java.vendor" value="Oracle Corporation"/>
    <property name="maven.home" value="D:\Programs\IntelliJ IDEA Community Edition 2017.3.4\plugins\maven\lib\maven3"/>
    <property name="localRepository" value="C:\Users\Иван\.m2\repository"/>
    <property name="file.separator" value="\"/>
    <property name="java.vendor.url.bug" value="http://bugreport.sun.com/bugreport/"/>
    <property name="sun.cpu.endian" value="little"/>
    <property name="sun.io.unicode.encoding" value="UnicodeLittle"/>
    <property name="sun.desktop" value="windows"/>
    <property name="sun.cpu.isalist" value="amd64"/>
  </properties>
  <testcase name="testSliderWorks" classname="task3.SliderPopup_Test" time="61.109"/>
</testsuite>